<?xml version="1.0" encoding="UTF-8"?>
<coverage generated="1723780493498" clover="3.2.0">
  <project timestamp="1723780493498" name="All files">
    <metrics statements="8" coveredstatements="2" conditionals="0" coveredconditionals="0" methods="4" coveredmethods="1" elements="12" coveredelements="3" complexity="0" loc="8" ncloc="8" packages="1" files="2" classes="2"/>
    <file name="Math.ts" path="C:\dev\node\test-node-app\src\Math.ts">
      <metrics statements="5" coveredstatements="2" conditionals="0" coveredconditionals="0" methods="4" coveredmethods="1"/>
      <line num="1" count="1" type="stmt"/>
      <line num="3" count="6" type="stmt"/>
      <line num="7" count="0" type="stmt"/>
      <line num="11" count="0" type="stmt"/>
      <line num="16" count="0" type="stmt"/>
    </file>
    <file name="useMath.ts" path="C:\dev\node\test-node-app\src\useMath.ts">
      <metrics statements="3" coveredstatements="0" conditionals="0" coveredconditionals="0" methods="0" coveredmethods="0"/>
      <line num="1" count="0" type="stmt"/>
      <line num="3" count="0" type="stmt"/>
      <line num="5" count="0" type="stmt"/>
    </file>
  </project>
</coverage>
