<?xml version="1.0" encoding="UTF-8"?>
<coverage generated="1723782884347" clover="3.2.0">
  <project timestamp="1723782884347" name="All files">
    <metrics statements="12" coveredstatements="9" conditionals="2" coveredconditionals="2" methods="4" coveredmethods="4" elements="18" coveredelements="15" complexity="0" loc="12" ncloc="12" packages="1" files="2" classes="2"/>
    <file name="Math.ts" path="C:\dev\node\test-node-app\src\Math.ts">
      <metrics statements="9" coveredstatements="9" conditionals="2" coveredconditionals="2" methods="4" coveredmethods="4"/>
      <line num="1" count="1" type="stmt"/>
      <line num="3" count="6" type="stmt"/>
      <line num="7" count="6" type="stmt"/>
      <line num="11" count="6" type="stmt"/>
      <line num="16" count="6" type="cond" truecount="1" falsecount="0"/>
      <line num="17" count="1" type="stmt"/>
      <line num="19" count="5" type="cond" truecount="1" falsecount="0"/>
      <line num="20" count="2" type="stmt"/>
      <line num="22" count="3" type="stmt"/>
    </file>
    <file name="useMath.ts" path="C:\dev\node\test-node-app\src\useMath.ts">
      <metrics statements="3" coveredstatements="0" conditionals="0" coveredconditionals="0" methods="0" coveredmethods="0"/>
      <line num="1" count="0" type="stmt"/>
      <line num="3" count="0" type="stmt"/>
      <line num="5" count="0" type="stmt"/>
    </file>
  </project>
</coverage>
